<?xml version="1.0" encoding="UTF-8"?>
<!-- Generated by org.testng.reporters.JUnitXMLReporter -->
<testsuite ignored="2" hostname="Shlook" failures="0" tests="3" name="Default test(failed)" time="0.061" errors="0" timestamp="2023-05-26T01:54:53 EDT">
  <testcase classname="smarttech.ny.hooks.FailedTestCases" name="getTestFive" time="0.01"/>
  <testcase classname="smarttech.ny.hooks.FailedTestCases" name="getTestOne" time="0.002"/>
  <testcase classname="smarttech.ny.hooks.FailedTestCases" name="getTestThree" time="0.001"/>
  <testcase classname="smarttech.ny.hooks.FailedTestCases" name="getTestTwo" time="0.0">
    <ignored/>
  </testcase> <!-- getTestTwo -->
  <testcase classname="smarttech.ny.hooks.FailedTestCases" name="getTestFour" time="0.0">
    <ignored/>
  </testcase> <!-- getTestFour -->
</testsuite> <!-- Default test(failed) -->
